[2026-04-23 17:53:20] root: INFO: Starting Flye 2.9.6-b1802
[2026-04-23 17:53:20] root: DEBUG: Cmd: /home/siri/nanopore_pipeline/.snakemake/conda/2f88e50b47c3ba0165e344d9415bd9c5/bin/flye --nano-raw data/reads.fastq --out-dir results/assembly --threads 4
[2026-04-23 17:53:20] root: DEBUG: Python version: 3.13.13 | packaged by conda-forge | (main, Apr  8 2026, 02:00:33) [GCC 14.3.0]
[2026-04-23 17:53:20] root: INFO: >>>STAGE: configure
[2026-04-23 17:53:20] root: INFO: Configuring run
[2026-04-23 17:53:20] root: INFO: Total read length: 50814095
[2026-04-23 17:53:20] root: INFO: Reads N50/N90: 14392 / 4886
[2026-04-23 17:53:20] root: INFO: Minimum overlap set to 5000
[2026-04-23 17:53:20] root: INFO: >>>STAGE: assembly
[2026-04-23 17:53:20] root: INFO: Assembling disjointigs
[2026-04-23 17:53:20] root: DEBUG: -----Begin assembly log------
[2026-04-23 17:53:20] root: DEBUG: Running: flye-modules assemble --reads /home/siri/nanopore_pipeline/data/reads.fastq --out-asm /home/siri/nanopore_pipeline/results/assembly/00-assembly/draft_assembly.fasta --config /home/siri/nanopore_pipeline/.snakemake/conda/2f88e50b47c3ba0165e344d9415bd9c5/lib/python3.13/site-packages/flye/config/bin_cfg/asm_raw_reads.cfg --log /home/siri/nanopore_pipeline/results/assembly/flye.log --threads 4 --min-ovlp 5000
[2026-04-23 17:53:20] DEBUG: Build date: Apr 13 2026 04:19:19
[2026-04-23 17:53:20] DEBUG: Total RAM: 3 Gb
[2026-04-23 17:53:20] DEBUG: Available RAM: 2 Gb
[2026-04-23 17:53:20] DEBUG: Total CPUs: 12
[2026-04-23 17:53:20] DEBUG: Loading /home/siri/nanopore_pipeline/.snakemake/conda/2f88e50b47c3ba0165e344d9415bd9c5/lib/python3.13/site-packages/flye/config/bin_cfg/asm_raw_reads.cfg
[2026-04-23 17:53:20] DEBUG: Loading /home/siri/nanopore_pipeline/.snakemake/conda/2f88e50b47c3ba0165e344d9415bd9c5/lib/python3.13/site-packages/flye/config/bin_cfg/asm_defaults.cfg
[2026-04-23 17:53:20] DEBUG: 	big_genome_threshold=29000000
[2026-04-23 17:53:20] DEBUG: 	meta_read_filter_kmer_freq=100
[2026-04-23 17:53:20] DEBUG: 	chain_large_gap_penalty=2
[2026-04-23 17:53:20] DEBUG: 	chain_small_gap_penalty=0.5
[2026-04-23 17:53:20] DEBUG: 	chain_gap_jump_threshold=100
[2026-04-23 17:53:20] DEBUG: 	max_jump_gap=500
[2026-04-23 17:53:20] DEBUG: 	max_coverage_drop_rate=5
[2026-04-23 17:53:20] DEBUG: 	max_extensions_drop_rate=5
[2026-04-23 17:53:20] DEBUG: 	chimera_window=100
[2026-04-23 17:53:20] DEBUG: 	chimera_overhang=1000
[2026-04-23 17:53:20] DEBUG: 	min_reads_in_disjointig=4
[2026-04-23 17:53:20] DEBUG: 	max_inner_reads=10
[2026-04-23 17:53:20] DEBUG: 	max_inner_fraction=0.25
[2026-04-23 17:53:20] DEBUG: 	aggressive_dup_filter=1
[2026-04-23 17:53:20] DEBUG: 	max_separation=500
[2026-04-23 17:53:20] DEBUG: 	unique_edge_length=50000
[2026-04-23 17:53:20] DEBUG: 	min_repeat_res_support=0.51
[2026-04-23 17:53:20] DEBUG: 	out_paths_ratio=5
[2026-04-23 17:53:20] DEBUG: 	graph_cov_drop_rate=5
[2026-04-23 17:53:20] DEBUG: 	coverage_estimate_window=100
[2026-04-23 17:53:20] DEBUG: 	max_bubble_length=50000
[2026-04-23 17:53:20] DEBUG: 	loop_coverage_rate=1.5
[2026-04-23 17:53:20] DEBUG: 	repeat_edge_cov_mult=1.75
[2026-04-23 17:53:20] DEBUG: 	weak_detach_rate=5
[2026-04-23 17:53:20] DEBUG: 	tip_coverage_rate=2
[2026-04-23 17:53:20] DEBUG: 	tip_length_rate=2
[2026-04-23 17:53:20] DEBUG: 	output_gfa_before_rr=1
[2026-04-23 17:53:20] DEBUG: 	remove_alt_edges=0
[2026-04-23 17:53:20] DEBUG: 	low_cutoff_warning=1
[2026-04-23 17:53:20] DEBUG: 	kmer_size=17
[2026-04-23 17:53:20] DEBUG: 	use_minimizers=0
[2026-04-23 17:53:20] DEBUG: 	reads_base_alignment=0
[2026-04-23 17:53:20] DEBUG: 	meta_read_top_kmer_rate=0.40
[2026-04-23 17:53:20] DEBUG: 	maximum_jump=1500
[2026-04-23 17:53:20] DEBUG: 	maximum_overhang=1500
[2026-04-23 17:53:20] DEBUG: 	repeat_kmer_rate=100
[2026-04-23 17:53:20] DEBUG: 	assemble_ovlp_divergence=0.10
[2026-04-23 17:53:20] DEBUG: 	assemble_divergence_relative=1
[2026-04-23 17:53:20] DEBUG: 	repeat_graph_ovlp_divergence=0.08
[2026-04-23 17:53:20] DEBUG: 	read_align_ovlp_divergence=0.25
[2026-04-23 17:53:20] DEBUG: 	hpc_scoring_on=0
[2026-04-23 17:53:20] DEBUG: 	add_unassembled_reads=0
[2026-04-23 17:53:20] DEBUG: 	extend_contigs_with_repeats=0
[2026-04-23 17:53:20] DEBUG: 	min_read_cov_cutoff=3
[2026-04-23 17:53:20] DEBUG: 	short_tip_length=20000
[2026-04-23 17:53:20] DEBUG: 	long_tip_length=100000
[2026-04-23 17:53:20] DEBUG: Running with k-mer size: 17
[2026-04-23 17:53:20] DEBUG: Running with minimum overlap 5000
[2026-04-23 17:53:20] DEBUG: Metagenome mode: N
[2026-04-23 17:53:20] DEBUG: Short mode: N
[2026-04-23 17:53:20] INFO: Reading sequences
[2026-04-23 17:53:20] DEBUG: Building positional index
[2026-04-23 17:53:20] DEBUG: Total sequence: 45433303 bp
[2026-04-23 17:53:20] ERROR: Caught unhandled exception: std::bad_alloc
[2026-04-23 17:53:20] ERROR: 	flye-modules(+0x45ece) [0x59c45f2ceece]
[2026-04-23 17:53:20] ERROR: 	/home/siri/nanopore_pipeline/.snakemake/conda/2f88e50b47c3ba0165e344d9415bd9c5/bin/../lib/libstdc++.so.6(+0xc0ffa) [0x7fd34eec0ffa]
[2026-04-23 17:53:20] ERROR: 	/home/siri/nanopore_pipeline/.snakemake/conda/2f88e50b47c3ba0165e344d9415bd9c5/bin/../lib/libstdc++.so.6(_ZSt10unexpectedv+0) [0x7fd34eeae62e]
[2026-04-23 17:53:20] ERROR: 	/home/siri/nanopore_pipeline/.snakemake/conda/2f88e50b47c3ba0165e344d9415bd9c5/bin/../lib/libstdc++.so.6(+0xc1297) [0x7fd34eec1297]
[2026-04-23 17:53:20] ERROR: 	/home/siri/nanopore_pipeline/.snakemake/conda/2f88e50b47c3ba0165e344d9415bd9c5/bin/../lib/libstdc++.so.6(+0xae6a2) [0x7fd34eeae6a2]
[2026-04-23 17:53:20] ERROR: 	flye-modules(+0x84fe1) [0x59c45f30dfe1]
[2026-04-23 17:53:20] ERROR: 	flye-modules(+0x53680) [0x59c45f2dc680]
[2026-04-23 17:53:20] ERROR: 	flye-modules(+0x21a1a) [0x59c45f2aaa1a]
[2026-04-23 17:53:20] ERROR: 	/lib/x86_64-linux-gnu/libc.so.6(+0x2a1ca) [0x7fd34ea2a1ca]
[2026-04-23 17:53:20] ERROR: 	/lib/x86_64-linux-gnu/libc.so.6(__libc_start_main+0x8b) [0x7fd34ea2a28b]
[2026-04-23 17:53:21] root: ERROR: Command '['flye-modules', 'assemble', '--reads', '/home/siri/nanopore_pipeline/data/reads.fastq', '--out-asm', '/home/siri/nanopore_pipeline/results/assembly/00-assembly/draft_assembly.fasta', '--config', '/home/siri/nanopore_pipeline/.snakemake/conda/2f88e50b47c3ba0165e344d9415bd9c5/lib/python3.13/site-packages/flye/config/bin_cfg/asm_raw_reads.cfg', '--log', '/home/siri/nanopore_pipeline/results/assembly/flye.log', '--threads', '4', '--min-ovlp', '5000']' died with <Signals.SIGABRT: 6>.
[2026-04-23 17:53:21] root: ERROR: Pipeline aborted
[2026-04-23 18:05:48] root: INFO: Starting Flye 2.9.6-b1802
[2026-04-23 18:05:48] root: DEBUG: Cmd: /home/siri/nanopore_pipeline/.snakemake/conda/2f88e50b47c3ba0165e344d9415bd9c5/bin/flye --nano-raw data/reads.fastq --out-dir results/assembly --threads 2 --genome-size 5m
[2026-04-23 18:05:48] root: DEBUG: Python version: 3.13.13 | packaged by conda-forge | (main, Apr  8 2026, 02:00:33) [GCC 14.3.0]
[2026-04-23 18:05:48] root: INFO: >>>STAGE: configure
[2026-04-23 18:05:48] root: INFO: Configuring run
[2026-04-23 18:05:48] root: INFO: Total read length: 50814095
[2026-04-23 18:05:48] root: INFO: Input genome size: 5000000
[2026-04-23 18:05:48] root: INFO: Estimated coverage: 10
[2026-04-23 18:05:48] root: INFO: Reads N50/N90: 14392 / 4886
[2026-04-23 18:05:48] root: INFO: Minimum overlap set to 5000
[2026-04-23 18:05:48] root: INFO: >>>STAGE: assembly
[2026-04-23 18:05:48] root: INFO: Assembling disjointigs
[2026-04-23 18:05:48] root: DEBUG: -----Begin assembly log------
[2026-04-23 18:05:48] root: DEBUG: Running: flye-modules assemble --reads /home/siri/nanopore_pipeline/data/reads.fastq --out-asm /home/siri/nanopore_pipeline/results/assembly/00-assembly/draft_assembly.fasta --config /home/siri/nanopore_pipeline/.snakemake/conda/2f88e50b47c3ba0165e344d9415bd9c5/lib/python3.13/site-packages/flye/config/bin_cfg/asm_raw_reads.cfg --log /home/siri/nanopore_pipeline/results/assembly/flye.log --threads 2 --genome-size 5000000 --min-ovlp 5000
[2026-04-23 18:05:48] DEBUG: Build date: Apr 13 2026 04:19:19
[2026-04-23 18:05:48] DEBUG: Total RAM: 3 Gb
[2026-04-23 18:05:48] DEBUG: Available RAM: 3 Gb
[2026-04-23 18:05:48] DEBUG: Total CPUs: 12
[2026-04-23 18:05:48] DEBUG: Loading /home/siri/nanopore_pipeline/.snakemake/conda/2f88e50b47c3ba0165e344d9415bd9c5/lib/python3.13/site-packages/flye/config/bin_cfg/asm_raw_reads.cfg
[2026-04-23 18:05:48] DEBUG: Loading /home/siri/nanopore_pipeline/.snakemake/conda/2f88e50b47c3ba0165e344d9415bd9c5/lib/python3.13/site-packages/flye/config/bin_cfg/asm_defaults.cfg
[2026-04-23 18:05:48] DEBUG: 	big_genome_threshold=29000000
[2026-04-23 18:05:48] DEBUG: 	meta_read_filter_kmer_freq=100
[2026-04-23 18:05:48] DEBUG: 	chain_large_gap_penalty=2
[2026-04-23 18:05:48] DEBUG: 	chain_small_gap_penalty=0.5
[2026-04-23 18:05:48] DEBUG: 	chain_gap_jump_threshold=100
[2026-04-23 18:05:48] DEBUG: 	max_jump_gap=500
[2026-04-23 18:05:48] DEBUG: 	max_coverage_drop_rate=5
[2026-04-23 18:05:48] DEBUG: 	max_extensions_drop_rate=5
[2026-04-23 18:05:48] DEBUG: 	chimera_window=100
[2026-04-23 18:05:48] DEBUG: 	chimera_overhang=1000
[2026-04-23 18:05:48] DEBUG: 	min_reads_in_disjointig=4
[2026-04-23 18:05:48] DEBUG: 	max_inner_reads=10
[2026-04-23 18:05:48] DEBUG: 	max_inner_fraction=0.25
[2026-04-23 18:05:48] DEBUG: 	aggressive_dup_filter=1
[2026-04-23 18:05:48] DEBUG: 	max_separation=500
[2026-04-23 18:05:48] DEBUG: 	unique_edge_length=50000
[2026-04-23 18:05:48] DEBUG: 	min_repeat_res_support=0.51
[2026-04-23 18:05:48] DEBUG: 	out_paths_ratio=5
[2026-04-23 18:05:48] DEBUG: 	graph_cov_drop_rate=5
[2026-04-23 18:05:48] DEBUG: 	coverage_estimate_window=100
[2026-04-23 18:05:48] DEBUG: 	max_bubble_length=50000
[2026-04-23 18:05:48] DEBUG: 	loop_coverage_rate=1.5
[2026-04-23 18:05:48] DEBUG: 	repeat_edge_cov_mult=1.75
[2026-04-23 18:05:48] DEBUG: 	weak_detach_rate=5
[2026-04-23 18:05:48] DEBUG: 	tip_coverage_rate=2
[2026-04-23 18:05:48] DEBUG: 	tip_length_rate=2
[2026-04-23 18:05:48] DEBUG: 	output_gfa_before_rr=1
[2026-04-23 18:05:48] DEBUG: 	remove_alt_edges=0
[2026-04-23 18:05:48] DEBUG: 	low_cutoff_warning=1
[2026-04-23 18:05:48] DEBUG: 	kmer_size=17
[2026-04-23 18:05:48] DEBUG: 	use_minimizers=0
[2026-04-23 18:05:48] DEBUG: 	reads_base_alignment=0
[2026-04-23 18:05:48] DEBUG: 	meta_read_top_kmer_rate=0.40
[2026-04-23 18:05:48] DEBUG: 	maximum_jump=1500
[2026-04-23 18:05:48] DEBUG: 	maximum_overhang=1500
[2026-04-23 18:05:48] DEBUG: 	repeat_kmer_rate=100
[2026-04-23 18:05:48] DEBUG: 	assemble_ovlp_divergence=0.10
[2026-04-23 18:05:48] DEBUG: 	assemble_divergence_relative=1
[2026-04-23 18:05:48] DEBUG: 	repeat_graph_ovlp_divergence=0.08
[2026-04-23 18:05:48] DEBUG: 	read_align_ovlp_divergence=0.25
[2026-04-23 18:05:48] DEBUG: 	hpc_scoring_on=0
[2026-04-23 18:05:48] DEBUG: 	add_unassembled_reads=0
[2026-04-23 18:05:48] DEBUG: 	extend_contigs_with_repeats=0
[2026-04-23 18:05:48] DEBUG: 	min_read_cov_cutoff=3
[2026-04-23 18:05:48] DEBUG: 	short_tip_length=20000
[2026-04-23 18:05:48] DEBUG: 	long_tip_length=100000
[2026-04-23 18:05:48] DEBUG: Running with k-mer size: 17
[2026-04-23 18:05:48] DEBUG: Running with minimum overlap 5000
[2026-04-23 18:05:48] DEBUG: Metagenome mode: N
[2026-04-23 18:05:48] DEBUG: Short mode: N
[2026-04-23 18:05:48] INFO: Reading sequences
[2026-04-23 18:05:48] DEBUG: Building positional index
[2026-04-23 18:05:48] DEBUG: Total sequence: 45433303 bp
[2026-04-23 18:05:48] ERROR: Caught unhandled exception: std::bad_alloc
[2026-04-23 18:05:48] ERROR: 	flye-modules(+0x45ece) [0x61ddc8b44ece]
[2026-04-23 18:05:48] ERROR: 	/home/siri/nanopore_pipeline/.snakemake/conda/2f88e50b47c3ba0165e344d9415bd9c5/bin/../lib/libstdc++.so.6(+0xc0ffa) [0x7ce407cc0ffa]
[2026-04-23 18:05:48] ERROR: 	/home/siri/nanopore_pipeline/.snakemake/conda/2f88e50b47c3ba0165e344d9415bd9c5/bin/../lib/libstdc++.so.6(_ZSt10unexpectedv+0) [0x7ce407cae62e]
[2026-04-23 18:05:48] ERROR: 	/home/siri/nanopore_pipeline/.snakemake/conda/2f88e50b47c3ba0165e344d9415bd9c5/bin/../lib/libstdc++.so.6(+0xc1297) [0x7ce407cc1297]
[2026-04-23 18:05:48] ERROR: 	/home/siri/nanopore_pipeline/.snakemake/conda/2f88e50b47c3ba0165e344d9415bd9c5/bin/../lib/libstdc++.so.6(+0xae6a2) [0x7ce407cae6a2]
[2026-04-23 18:05:48] ERROR: 	flye-modules(+0x84fe1) [0x61ddc8b83fe1]
[2026-04-23 18:05:48] ERROR: 	flye-modules(+0x53680) [0x61ddc8b52680]
[2026-04-23 18:05:48] ERROR: 	flye-modules(+0x21a1a) [0x61ddc8b20a1a]
[2026-04-23 18:05:48] ERROR: 	/lib/x86_64-linux-gnu/libc.so.6(+0x2a1ca) [0x7ce40782a1ca]
[2026-04-23 18:05:48] ERROR: 	/lib/x86_64-linux-gnu/libc.so.6(__libc_start_main+0x8b) [0x7ce40782a28b]
[2026-04-23 18:05:49] root: ERROR: Command '['flye-modules', 'assemble', '--reads', '/home/siri/nanopore_pipeline/data/reads.fastq', '--out-asm', '/home/siri/nanopore_pipeline/results/assembly/00-assembly/draft_assembly.fasta', '--config', '/home/siri/nanopore_pipeline/.snakemake/conda/2f88e50b47c3ba0165e344d9415bd9c5/lib/python3.13/site-packages/flye/config/bin_cfg/asm_raw_reads.cfg', '--log', '/home/siri/nanopore_pipeline/results/assembly/flye.log', '--threads', '2', '--genome-size', '5000000', '--min-ovlp', '5000']' died with <Signals.SIGABRT: 6>.
[2026-04-23 18:05:49] root: ERROR: Pipeline aborted
[2026-04-23 18:07:18] root: INFO: Starting Flye 2.9.6-b1802
[2026-04-23 18:07:18] root: DEBUG: Cmd: /home/siri/nanopore_pipeline/.snakemake/conda/2f88e50b47c3ba0165e344d9415bd9c5/bin/flye --nano-raw data/reads.fastq --out-dir results/assembly --threads 2 --genome-size 5m --asm-coverage 5
[2026-04-23 18:07:18] root: DEBUG: Python version: 3.13.13 | packaged by conda-forge | (main, Apr  8 2026, 02:00:33) [GCC 14.3.0]
[2026-04-23 18:07:18] root: INFO: >>>STAGE: configure
[2026-04-23 18:07:18] root: INFO: Configuring run
[2026-04-23 18:07:18] root: INFO: Total read length: 50814095
[2026-04-23 18:07:18] root: INFO: Input genome size: 5000000
[2026-04-23 18:07:18] root: INFO: Estimated coverage: 10
[2026-04-23 18:07:18] root: INFO: Reads N50/N90: 14392 / 4886
[2026-04-23 18:07:18] root: INFO: Minimum overlap set to 5000
[2026-04-23 18:07:18] root: INFO: Using longest 5x reads for contig assembly
[2026-04-23 18:07:18] root: DEBUG: Min read length cutoff: 14619
[2026-04-23 18:07:18] root: INFO: >>>STAGE: assembly
[2026-04-23 18:07:18] root: INFO: Assembling disjointigs
[2026-04-23 18:07:18] root: DEBUG: -----Begin assembly log------
[2026-04-23 18:07:18] root: DEBUG: Running: flye-modules assemble --reads /home/siri/nanopore_pipeline/data/reads.fastq --out-asm /home/siri/nanopore_pipeline/results/assembly/00-assembly/draft_assembly.fasta --config /home/siri/nanopore_pipeline/.snakemake/conda/2f88e50b47c3ba0165e344d9415bd9c5/lib/python3.13/site-packages/flye/config/bin_cfg/asm_raw_reads.cfg --log /home/siri/nanopore_pipeline/results/assembly/flye.log --threads 2 --genome-size 5000000 --min-ovlp 5000 --min-read 14619
[2026-04-23 18:07:18] DEBUG: Build date: Apr 13 2026 04:19:19
[2026-04-23 18:07:18] DEBUG: Total RAM: 3 Gb
[2026-04-23 18:07:18] DEBUG: Available RAM: 3 Gb
[2026-04-23 18:07:18] DEBUG: Total CPUs: 12
[2026-04-23 18:07:18] DEBUG: Loading /home/siri/nanopore_pipeline/.snakemake/conda/2f88e50b47c3ba0165e344d9415bd9c5/lib/python3.13/site-packages/flye/config/bin_cfg/asm_raw_reads.cfg
[2026-04-23 18:07:18] DEBUG: Loading /home/siri/nanopore_pipeline/.snakemake/conda/2f88e50b47c3ba0165e344d9415bd9c5/lib/python3.13/site-packages/flye/config/bin_cfg/asm_defaults.cfg
[2026-04-23 18:07:18] DEBUG: 	big_genome_threshold=29000000
[2026-04-23 18:07:18] DEBUG: 	meta_read_filter_kmer_freq=100
[2026-04-23 18:07:18] DEBUG: 	chain_large_gap_penalty=2
[2026-04-23 18:07:18] DEBUG: 	chain_small_gap_penalty=0.5
[2026-04-23 18:07:18] DEBUG: 	chain_gap_jump_threshold=100
[2026-04-23 18:07:18] DEBUG: 	max_jump_gap=500
[2026-04-23 18:07:18] DEBUG: 	max_coverage_drop_rate=5
[2026-04-23 18:07:18] DEBUG: 	max_extensions_drop_rate=5
[2026-04-23 18:07:18] DEBUG: 	chimera_window=100
[2026-04-23 18:07:18] DEBUG: 	chimera_overhang=1000
[2026-04-23 18:07:18] DEBUG: 	min_reads_in_disjointig=4
[2026-04-23 18:07:18] DEBUG: 	max_inner_reads=10
[2026-04-23 18:07:18] DEBUG: 	max_inner_fraction=0.25
[2026-04-23 18:07:18] DEBUG: 	aggressive_dup_filter=1
[2026-04-23 18:07:18] DEBUG: 	max_separation=500
[2026-04-23 18:07:18] DEBUG: 	unique_edge_length=50000
[2026-04-23 18:07:18] DEBUG: 	min_repeat_res_support=0.51
[2026-04-23 18:07:18] DEBUG: 	out_paths_ratio=5
[2026-04-23 18:07:18] DEBUG: 	graph_cov_drop_rate=5
[2026-04-23 18:07:18] DEBUG: 	coverage_estimate_window=100
[2026-04-23 18:07:18] DEBUG: 	max_bubble_length=50000
[2026-04-23 18:07:18] DEBUG: 	loop_coverage_rate=1.5
[2026-04-23 18:07:18] DEBUG: 	repeat_edge_cov_mult=1.75
[2026-04-23 18:07:18] DEBUG: 	weak_detach_rate=5
[2026-04-23 18:07:18] DEBUG: 	tip_coverage_rate=2
[2026-04-23 18:07:18] DEBUG: 	tip_length_rate=2
[2026-04-23 18:07:18] DEBUG: 	output_gfa_before_rr=1
[2026-04-23 18:07:18] DEBUG: 	remove_alt_edges=0
[2026-04-23 18:07:18] DEBUG: 	low_cutoff_warning=1
[2026-04-23 18:07:18] DEBUG: 	kmer_size=17
[2026-04-23 18:07:18] DEBUG: 	use_minimizers=0
[2026-04-23 18:07:18] DEBUG: 	reads_base_alignment=0
[2026-04-23 18:07:18] DEBUG: 	meta_read_top_kmer_rate=0.40
[2026-04-23 18:07:18] DEBUG: 	maximum_jump=1500
[2026-04-23 18:07:18] DEBUG: 	maximum_overhang=1500
[2026-04-23 18:07:18] DEBUG: 	repeat_kmer_rate=100
[2026-04-23 18:07:18] DEBUG: 	assemble_ovlp_divergence=0.10
[2026-04-23 18:07:18] DEBUG: 	assemble_divergence_relative=1
[2026-04-23 18:07:18] DEBUG: 	repeat_graph_ovlp_divergence=0.08
[2026-04-23 18:07:18] DEBUG: 	read_align_ovlp_divergence=0.25
[2026-04-23 18:07:18] DEBUG: 	hpc_scoring_on=0
[2026-04-23 18:07:18] DEBUG: 	add_unassembled_reads=0
[2026-04-23 18:07:18] DEBUG: 	extend_contigs_with_repeats=0
[2026-04-23 18:07:18] DEBUG: 	min_read_cov_cutoff=3
[2026-04-23 18:07:18] DEBUG: 	short_tip_length=20000
[2026-04-23 18:07:18] DEBUG: 	long_tip_length=100000
[2026-04-23 18:07:18] DEBUG: Running with k-mer size: 17
[2026-04-23 18:07:18] DEBUG: Running with minimum overlap 5000
[2026-04-23 18:07:18] DEBUG: Metagenome mode: N
[2026-04-23 18:07:18] DEBUG: Short mode: N
[2026-04-23 18:07:18] INFO: Reading sequences
[2026-04-23 18:07:18] DEBUG: Building positional index
[2026-04-23 18:07:18] DEBUG: Total sequence: 24998536 bp
[2026-04-23 18:07:18] ERROR: Caught unhandled exception: std::bad_alloc
[2026-04-23 18:07:18] ERROR: 	flye-modules(+0x45ece) [0x56e360f35ece]
[2026-04-23 18:07:18] ERROR: 	/home/siri/nanopore_pipeline/.snakemake/conda/2f88e50b47c3ba0165e344d9415bd9c5/bin/../lib/libstdc++.so.6(+0xc0ffa) [0x7dfe20cc0ffa]
[2026-04-23 18:07:18] ERROR: 	/home/siri/nanopore_pipeline/.snakemake/conda/2f88e50b47c3ba0165e344d9415bd9c5/bin/../lib/libstdc++.so.6(_ZSt10unexpectedv+0) [0x7dfe20cae62e]
[2026-04-23 18:07:18] ERROR: 	/home/siri/nanopore_pipeline/.snakemake/conda/2f88e50b47c3ba0165e344d9415bd9c5/bin/../lib/libstdc++.so.6(+0xc1297) [0x7dfe20cc1297]
[2026-04-23 18:07:18] ERROR: 	/home/siri/nanopore_pipeline/.snakemake/conda/2f88e50b47c3ba0165e344d9415bd9c5/bin/../lib/libstdc++.so.6(+0xae6a2) [0x7dfe20cae6a2]
[2026-04-23 18:07:18] ERROR: 	flye-modules(+0x84fe1) [0x56e360f74fe1]
[2026-04-23 18:07:18] ERROR: 	flye-modules(+0x53680) [0x56e360f43680]
[2026-04-23 18:07:18] ERROR: 	flye-modules(+0x21a1a) [0x56e360f11a1a]
[2026-04-23 18:07:18] ERROR: 	/lib/x86_64-linux-gnu/libc.so.6(+0x2a1ca) [0x7dfe2082a1ca]
[2026-04-23 18:07:18] ERROR: 	/lib/x86_64-linux-gnu/libc.so.6(__libc_start_main+0x8b) [0x7dfe2082a28b]
[2026-04-23 18:07:19] root: ERROR: Command '['flye-modules', 'assemble', '--reads', '/home/siri/nanopore_pipeline/data/reads.fastq', '--out-asm', '/home/siri/nanopore_pipeline/results/assembly/00-assembly/draft_assembly.fasta', '--config', '/home/siri/nanopore_pipeline/.snakemake/conda/2f88e50b47c3ba0165e344d9415bd9c5/lib/python3.13/site-packages/flye/config/bin_cfg/asm_raw_reads.cfg', '--log', '/home/siri/nanopore_pipeline/results/assembly/flye.log', '--threads', '2', '--genome-size', '5000000', '--min-ovlp', '5000', '--min-read', '14619']' died with <Signals.SIGABRT: 6>.
[2026-04-23 18:07:19] root: ERROR: Pipeline aborted
[2026-04-23 18:07:51] root: INFO: Starting Flye 2.9.6-b1802
[2026-04-23 18:07:51] root: DEBUG: Cmd: /home/siri/nanopore_pipeline/.snakemake/conda/2f88e50b47c3ba0165e344d9415bd9c5/bin/flye --nano-raw data/reads.fastq --out-dir results/assembly --threads 1 --genome-size 5m --asm-coverage 5
[2026-04-23 18:07:51] root: DEBUG: Python version: 3.13.13 | packaged by conda-forge | (main, Apr  8 2026, 02:00:33) [GCC 14.3.0]
[2026-04-23 18:07:51] root: INFO: >>>STAGE: configure
[2026-04-23 18:07:51] root: INFO: Configuring run
[2026-04-23 18:07:51] root: INFO: Total read length: 50814095
[2026-04-23 18:07:51] root: INFO: Input genome size: 5000000
[2026-04-23 18:07:51] root: INFO: Estimated coverage: 10
[2026-04-23 18:07:51] root: INFO: Reads N50/N90: 14392 / 4886
[2026-04-23 18:07:51] root: INFO: Minimum overlap set to 5000
[2026-04-23 18:07:51] root: INFO: Using longest 5x reads for contig assembly
[2026-04-23 18:07:51] root: DEBUG: Min read length cutoff: 14619
[2026-04-23 18:07:51] root: INFO: >>>STAGE: assembly
[2026-04-23 18:07:51] root: INFO: Assembling disjointigs
[2026-04-23 18:07:51] root: DEBUG: -----Begin assembly log------
[2026-04-23 18:07:51] root: DEBUG: Running: flye-modules assemble --reads /home/siri/nanopore_pipeline/data/reads.fastq --out-asm /home/siri/nanopore_pipeline/results/assembly/00-assembly/draft_assembly.fasta --config /home/siri/nanopore_pipeline/.snakemake/conda/2f88e50b47c3ba0165e344d9415bd9c5/lib/python3.13/site-packages/flye/config/bin_cfg/asm_raw_reads.cfg --log /home/siri/nanopore_pipeline/results/assembly/flye.log --threads 1 --genome-size 5000000 --min-ovlp 5000 --min-read 14619
[2026-04-23 18:07:51] DEBUG: Build date: Apr 13 2026 04:19:19
[2026-04-23 18:07:51] DEBUG: Total RAM: 3 Gb
[2026-04-23 18:07:51] DEBUG: Available RAM: 3 Gb
[2026-04-23 18:07:51] DEBUG: Total CPUs: 12
[2026-04-23 18:07:51] DEBUG: Loading /home/siri/nanopore_pipeline/.snakemake/conda/2f88e50b47c3ba0165e344d9415bd9c5/lib/python3.13/site-packages/flye/config/bin_cfg/asm_raw_reads.cfg
[2026-04-23 18:07:51] DEBUG: Loading /home/siri/nanopore_pipeline/.snakemake/conda/2f88e50b47c3ba0165e344d9415bd9c5/lib/python3.13/site-packages/flye/config/bin_cfg/asm_defaults.cfg
[2026-04-23 18:07:51] DEBUG: 	big_genome_threshold=29000000
[2026-04-23 18:07:51] DEBUG: 	meta_read_filter_kmer_freq=100
[2026-04-23 18:07:51] DEBUG: 	chain_large_gap_penalty=2
[2026-04-23 18:07:51] DEBUG: 	chain_small_gap_penalty=0.5
[2026-04-23 18:07:51] DEBUG: 	chain_gap_jump_threshold=100
[2026-04-23 18:07:51] DEBUG: 	max_jump_gap=500
[2026-04-23 18:07:51] DEBUG: 	max_coverage_drop_rate=5
[2026-04-23 18:07:51] DEBUG: 	max_extensions_drop_rate=5
[2026-04-23 18:07:51] DEBUG: 	chimera_window=100
[2026-04-23 18:07:51] DEBUG: 	chimera_overhang=1000
[2026-04-23 18:07:51] DEBUG: 	min_reads_in_disjointig=4
[2026-04-23 18:07:51] DEBUG: 	max_inner_reads=10
[2026-04-23 18:07:51] DEBUG: 	max_inner_fraction=0.25
[2026-04-23 18:07:51] DEBUG: 	aggressive_dup_filter=1
[2026-04-23 18:07:51] DEBUG: 	max_separation=500
[2026-04-23 18:07:51] DEBUG: 	unique_edge_length=50000
[2026-04-23 18:07:51] DEBUG: 	min_repeat_res_support=0.51
[2026-04-23 18:07:51] DEBUG: 	out_paths_ratio=5
[2026-04-23 18:07:51] DEBUG: 	graph_cov_drop_rate=5
[2026-04-23 18:07:51] DEBUG: 	coverage_estimate_window=100
[2026-04-23 18:07:51] DEBUG: 	max_bubble_length=50000
[2026-04-23 18:07:51] DEBUG: 	loop_coverage_rate=1.5
[2026-04-23 18:07:51] DEBUG: 	repeat_edge_cov_mult=1.75
[2026-04-23 18:07:51] DEBUG: 	weak_detach_rate=5
[2026-04-23 18:07:51] DEBUG: 	tip_coverage_rate=2
[2026-04-23 18:07:51] DEBUG: 	tip_length_rate=2
[2026-04-23 18:07:51] DEBUG: 	output_gfa_before_rr=1
[2026-04-23 18:07:51] DEBUG: 	remove_alt_edges=0
[2026-04-23 18:07:51] DEBUG: 	low_cutoff_warning=1
[2026-04-23 18:07:51] DEBUG: 	kmer_size=17
[2026-04-23 18:07:51] DEBUG: 	use_minimizers=0
[2026-04-23 18:07:51] DEBUG: 	reads_base_alignment=0
[2026-04-23 18:07:51] DEBUG: 	meta_read_top_kmer_rate=0.40
[2026-04-23 18:07:51] DEBUG: 	maximum_jump=1500
[2026-04-23 18:07:51] DEBUG: 	maximum_overhang=1500
[2026-04-23 18:07:51] DEBUG: 	repeat_kmer_rate=100
[2026-04-23 18:07:51] DEBUG: 	assemble_ovlp_divergence=0.10
[2026-04-23 18:07:51] DEBUG: 	assemble_divergence_relative=1
[2026-04-23 18:07:51] DEBUG: 	repeat_graph_ovlp_divergence=0.08
[2026-04-23 18:07:51] DEBUG: 	read_align_ovlp_divergence=0.25
[2026-04-23 18:07:51] DEBUG: 	hpc_scoring_on=0
[2026-04-23 18:07:51] DEBUG: 	add_unassembled_reads=0
[2026-04-23 18:07:51] DEBUG: 	extend_contigs_with_repeats=0
[2026-04-23 18:07:51] DEBUG: 	min_read_cov_cutoff=3
[2026-04-23 18:07:51] DEBUG: 	short_tip_length=20000
[2026-04-23 18:07:51] DEBUG: 	long_tip_length=100000
[2026-04-23 18:07:51] DEBUG: Running with k-mer size: 17
[2026-04-23 18:07:51] DEBUG: Running with minimum overlap 5000
[2026-04-23 18:07:51] DEBUG: Metagenome mode: N
[2026-04-23 18:07:51] DEBUG: Short mode: N
[2026-04-23 18:07:51] INFO: Reading sequences
[2026-04-23 18:07:51] DEBUG: Building positional index
[2026-04-23 18:07:51] DEBUG: Total sequence: 24998536 bp
[2026-04-23 18:07:51] ERROR: Caught unhandled exception: std::bad_alloc
[2026-04-23 18:07:51] ERROR: 	flye-modules(+0x45ece) [0x5b0c89365ece]
[2026-04-23 18:07:51] ERROR: 	/home/siri/nanopore_pipeline/.snakemake/conda/2f88e50b47c3ba0165e344d9415bd9c5/bin/../lib/libstdc++.so.6(+0xc0ffa) [0x7bf5510c0ffa]
[2026-04-23 18:07:51] ERROR: 	/home/siri/nanopore_pipeline/.snakemake/conda/2f88e50b47c3ba0165e344d9415bd9c5/bin/../lib/libstdc++.so.6(_ZSt10unexpectedv+0) [0x7bf5510ae62e]
[2026-04-23 18:07:51] ERROR: 	/home/siri/nanopore_pipeline/.snakemake/conda/2f88e50b47c3ba0165e344d9415bd9c5/bin/../lib/libstdc++.so.6(+0xc1297) [0x7bf5510c1297]
[2026-04-23 18:07:51] ERROR: 	/home/siri/nanopore_pipeline/.snakemake/conda/2f88e50b47c3ba0165e344d9415bd9c5/bin/../lib/libstdc++.so.6(+0xae6a2) [0x7bf5510ae6a2]
[2026-04-23 18:07:51] ERROR: 	flye-modules(+0x84fe1) [0x5b0c893a4fe1]
[2026-04-23 18:07:51] ERROR: 	flye-modules(+0x53680) [0x5b0c89373680]
[2026-04-23 18:07:51] ERROR: 	flye-modules(+0x21a1a) [0x5b0c89341a1a]
[2026-04-23 18:07:51] ERROR: 	/lib/x86_64-linux-gnu/libc.so.6(+0x2a1ca) [0x7bf550c2a1ca]
[2026-04-23 18:07:51] ERROR: 	/lib/x86_64-linux-gnu/libc.so.6(__libc_start_main+0x8b) [0x7bf550c2a28b]
[2026-04-23 18:07:52] root: ERROR: Command '['flye-modules', 'assemble', '--reads', '/home/siri/nanopore_pipeline/data/reads.fastq', '--out-asm', '/home/siri/nanopore_pipeline/results/assembly/00-assembly/draft_assembly.fasta', '--config', '/home/siri/nanopore_pipeline/.snakemake/conda/2f88e50b47c3ba0165e344d9415bd9c5/lib/python3.13/site-packages/flye/config/bin_cfg/asm_raw_reads.cfg', '--log', '/home/siri/nanopore_pipeline/results/assembly/flye.log', '--threads', '1', '--genome-size', '5000000', '--min-ovlp', '5000', '--min-read', '14619']' died with <Signals.SIGABRT: 6>.
[2026-04-23 18:07:52] root: ERROR: Pipeline aborted
[2026-04-23 19:14:19] root: INFO: Starting Flye 2.9.6-b1802
[2026-04-23 19:14:19] root: DEBUG: Cmd: /home/siri/nanopore_pipeline/.snakemake/conda/5fb10c6a8af825caa4bc0df6eab1b7f5/bin/flye --nano-raw data/reads.fastq --out-dir results/assembly --threads 4
[2026-04-23 19:14:19] root: DEBUG: Python version: 3.13.13 | packaged by conda-forge | (main, Apr  8 2026, 02:00:33) [GCC 14.3.0]
[2026-04-23 19:14:19] root: INFO: >>>STAGE: configure
[2026-04-23 19:14:19] root: INFO: Configuring run
[2026-04-23 19:14:19] root: INFO: Total read length: 50814095
[2026-04-23 19:14:19] root: INFO: Reads N50/N90: 14392 / 4886
[2026-04-23 19:14:19] root: INFO: Minimum overlap set to 5000
[2026-04-23 19:14:19] root: INFO: >>>STAGE: assembly
[2026-04-23 19:14:19] root: INFO: Assembling disjointigs
[2026-04-23 19:14:19] root: DEBUG: -----Begin assembly log------
[2026-04-23 19:14:19] root: DEBUG: Running: flye-modules assemble --reads /home/siri/nanopore_pipeline/data/reads.fastq --out-asm /home/siri/nanopore_pipeline/results/assembly/00-assembly/draft_assembly.fasta --config /home/siri/nanopore_pipeline/.snakemake/conda/5fb10c6a8af825caa4bc0df6eab1b7f5/lib/python3.13/site-packages/flye/config/bin_cfg/asm_raw_reads.cfg --log /home/siri/nanopore_pipeline/results/assembly/flye.log --threads 4 --min-ovlp 5000
[2026-04-23 19:14:19] DEBUG: Build date: Apr 13 2026 04:19:19
[2026-04-23 19:14:19] DEBUG: Total RAM: 3 Gb
[2026-04-23 19:14:19] DEBUG: Available RAM: 2 Gb
[2026-04-23 19:14:19] DEBUG: Total CPUs: 12
[2026-04-23 19:14:19] DEBUG: Loading /home/siri/nanopore_pipeline/.snakemake/conda/5fb10c6a8af825caa4bc0df6eab1b7f5/lib/python3.13/site-packages/flye/config/bin_cfg/asm_raw_reads.cfg
[2026-04-23 19:14:19] DEBUG: Loading /home/siri/nanopore_pipeline/.snakemake/conda/5fb10c6a8af825caa4bc0df6eab1b7f5/lib/python3.13/site-packages/flye/config/bin_cfg/asm_defaults.cfg
[2026-04-23 19:14:19] DEBUG: 	big_genome_threshold=29000000
[2026-04-23 19:14:19] DEBUG: 	meta_read_filter_kmer_freq=100
[2026-04-23 19:14:19] DEBUG: 	chain_large_gap_penalty=2
[2026-04-23 19:14:19] DEBUG: 	chain_small_gap_penalty=0.5
[2026-04-23 19:14:19] DEBUG: 	chain_gap_jump_threshold=100
[2026-04-23 19:14:19] DEBUG: 	max_jump_gap=500
[2026-04-23 19:14:19] DEBUG: 	max_coverage_drop_rate=5
[2026-04-23 19:14:19] DEBUG: 	max_extensions_drop_rate=5
[2026-04-23 19:14:19] DEBUG: 	chimera_window=100
[2026-04-23 19:14:19] DEBUG: 	chimera_overhang=1000
[2026-04-23 19:14:19] DEBUG: 	min_reads_in_disjointig=4
[2026-04-23 19:14:19] DEBUG: 	max_inner_reads=10
[2026-04-23 19:14:19] DEBUG: 	max_inner_fraction=0.25
[2026-04-23 19:14:19] DEBUG: 	aggressive_dup_filter=1
[2026-04-23 19:14:19] DEBUG: 	max_separation=500
[2026-04-23 19:14:19] DEBUG: 	unique_edge_length=50000
[2026-04-23 19:14:19] DEBUG: 	min_repeat_res_support=0.51
[2026-04-23 19:14:19] DEBUG: 	out_paths_ratio=5
[2026-04-23 19:14:19] DEBUG: 	graph_cov_drop_rate=5
[2026-04-23 19:14:19] DEBUG: 	coverage_estimate_window=100
[2026-04-23 19:14:19] DEBUG: 	max_bubble_length=50000
[2026-04-23 19:14:19] DEBUG: 	loop_coverage_rate=1.5
[2026-04-23 19:14:19] DEBUG: 	repeat_edge_cov_mult=1.75
[2026-04-23 19:14:19] DEBUG: 	weak_detach_rate=5
[2026-04-23 19:14:19] DEBUG: 	tip_coverage_rate=2
[2026-04-23 19:14:19] DEBUG: 	tip_length_rate=2
[2026-04-23 19:14:19] DEBUG: 	output_gfa_before_rr=1
[2026-04-23 19:14:19] DEBUG: 	remove_alt_edges=0
[2026-04-23 19:14:19] DEBUG: 	low_cutoff_warning=1
[2026-04-23 19:14:19] DEBUG: 	kmer_size=17
[2026-04-23 19:14:19] DEBUG: 	use_minimizers=0
[2026-04-23 19:14:19] DEBUG: 	reads_base_alignment=0
[2026-04-23 19:14:19] DEBUG: 	meta_read_top_kmer_rate=0.40
[2026-04-23 19:14:19] DEBUG: 	maximum_jump=1500
[2026-04-23 19:14:19] DEBUG: 	maximum_overhang=1500
[2026-04-23 19:14:19] DEBUG: 	repeat_kmer_rate=100
[2026-04-23 19:14:19] DEBUG: 	assemble_ovlp_divergence=0.10
[2026-04-23 19:14:19] DEBUG: 	assemble_divergence_relative=1
[2026-04-23 19:14:19] DEBUG: 	repeat_graph_ovlp_divergence=0.08
[2026-04-23 19:14:19] DEBUG: 	read_align_ovlp_divergence=0.25
[2026-04-23 19:14:19] DEBUG: 	hpc_scoring_on=0
[2026-04-23 19:14:19] DEBUG: 	add_unassembled_reads=0
[2026-04-23 19:14:19] DEBUG: 	extend_contigs_with_repeats=0
[2026-04-23 19:14:19] DEBUG: 	min_read_cov_cutoff=3
[2026-04-23 19:14:19] DEBUG: 	short_tip_length=20000
[2026-04-23 19:14:19] DEBUG: 	long_tip_length=100000
[2026-04-23 19:14:19] DEBUG: Running with k-mer size: 17
[2026-04-23 19:14:19] DEBUG: Running with minimum overlap 5000
[2026-04-23 19:14:19] DEBUG: Metagenome mode: N
[2026-04-23 19:14:19] DEBUG: Short mode: N
[2026-04-23 19:14:19] INFO: Reading sequences
[2026-04-23 19:14:20] DEBUG: Building positional index
[2026-04-23 19:14:20] DEBUG: Total sequence: 45433303 bp
[2026-04-23 19:14:20] ERROR: Caught unhandled exception: std::bad_alloc
[2026-04-23 19:14:20] ERROR: 	flye-modules(+0x45ece) [0x5ca30e6d8ece]
[2026-04-23 19:14:20] ERROR: 	/home/siri/nanopore_pipeline/.snakemake/conda/5fb10c6a8af825caa4bc0df6eab1b7f5/bin/../lib/libstdc++.so.6(+0xc0ffa) [0x7a40986c0ffa]
[2026-04-23 19:14:20] ERROR: 	/home/siri/nanopore_pipeline/.snakemake/conda/5fb10c6a8af825caa4bc0df6eab1b7f5/bin/../lib/libstdc++.so.6(_ZSt10unexpectedv+0) [0x7a40986ae62e]
[2026-04-23 19:14:20] ERROR: 	/home/siri/nanopore_pipeline/.snakemake/conda/5fb10c6a8af825caa4bc0df6eab1b7f5/bin/../lib/libstdc++.so.6(+0xc1297) [0x7a40986c1297]
[2026-04-23 19:14:20] ERROR: 	/home/siri/nanopore_pipeline/.snakemake/conda/5fb10c6a8af825caa4bc0df6eab1b7f5/bin/../lib/libstdc++.so.6(+0xae6a2) [0x7a40986ae6a2]
[2026-04-23 19:14:20] ERROR: 	flye-modules(+0x84fe1) [0x5ca30e717fe1]
[2026-04-23 19:14:20] ERROR: 	flye-modules(+0x53680) [0x5ca30e6e6680]
[2026-04-23 19:14:20] ERROR: 	flye-modules(+0x21a1a) [0x5ca30e6b4a1a]
[2026-04-23 19:14:20] ERROR: 	/lib/x86_64-linux-gnu/libc.so.6(+0x2a1ca) [0x7a409822a1ca]
[2026-04-23 19:14:20] ERROR: 	/lib/x86_64-linux-gnu/libc.so.6(__libc_start_main+0x8b) [0x7a409822a28b]
[2026-04-23 19:14:20] root: ERROR: Command '['flye-modules', 'assemble', '--reads', '/home/siri/nanopore_pipeline/data/reads.fastq', '--out-asm', '/home/siri/nanopore_pipeline/results/assembly/00-assembly/draft_assembly.fasta', '--config', '/home/siri/nanopore_pipeline/.snakemake/conda/5fb10c6a8af825caa4bc0df6eab1b7f5/lib/python3.13/site-packages/flye/config/bin_cfg/asm_raw_reads.cfg', '--log', '/home/siri/nanopore_pipeline/results/assembly/flye.log', '--threads', '4', '--min-ovlp', '5000']' died with <Signals.SIGABRT: 6>.
[2026-04-23 19:14:20] root: ERROR: Pipeline aborted
