/home/siri/ll/envs/snakemake_env/bin/quast.py results/racon/polished.fasta -o results/quast

Version: 5.3.0

System information:
  OS: Linux-6.6.87.2-microsoft-standard-WSL2-x86_64-with-glibc2.39 (linux_64)
  Python version: 3.10.20
  CPUs number: 12

Started: 2026-04-26 20:59:50

Logging to /home/siri/nanopore_pipeline/results/quast/quast.log
NOTICE: Maximum number of threads is set to 3 (use --threads option to set it manually)

CWD: /home/siri/nanopore_pipeline
Main parameters: 
  MODE: default, threads: 3, min contig length: 500, min alignment length: 65, min alignment IDY: 95.0, \
  ambiguity: one, min local misassembly length: 200, min extensive misassembly length: 1000

Contigs:
  Pre-processing...
  results/racon/polished.fasta ==> polished

2026-04-26 20:59:50
Running Basic statistics processor...
  Contig files: 
    polished
  Calculating N50 and L50...
    polished, N50 = 103627, L50 = 1, auN = 103627.0, Total length = 103627, GC % = 48.78, # N's per 100 kbp =  0.00
  Drawing Nx plot...
    saved to /home/siri/nanopore_pipeline/results/quast/basic_stats/Nx_plot.pdf
  Drawing cumulative plot...
    saved to /home/siri/nanopore_pipeline/results/quast/basic_stats/cumulative_plot.pdf
  Drawing GC content plot...
    saved to /home/siri/nanopore_pipeline/results/quast/basic_stats/GC_content_plot.pdf
  Drawing polished GC content plot...
    saved to /home/siri/nanopore_pipeline/results/quast/basic_stats/polished_GC_content_plot.pdf
Done.

NOTICE: Genes are not predicted by default. Use --gene-finding or --glimmer option to enable it.

2026-04-26 20:59:51
Creating large visual summaries...
This may take a while: press Ctrl-C to skip this step..
  1 of 2: Creating PDF with all tables and plots...
  2 of 2: Creating Icarus viewers...
Done

2026-04-26 20:59:51
RESULTS:
  Text versions of total report are saved to /home/siri/nanopore_pipeline/results/quast/report.txt, report.tsv, and report.tex
  Text versions of transposed total report are saved to /home/siri/nanopore_pipeline/results/quast/transposed_report.txt, transposed_report.tsv, and transposed_report.tex
  HTML version (interactive tables and plots) is saved to /home/siri/nanopore_pipeline/results/quast/report.html
  PDF version (tables and plots) is saved to /home/siri/nanopore_pipeline/results/quast/report.pdf
  Icarus (contig browser) is saved to /home/siri/nanopore_pipeline/results/quast/icarus.html
  Log is saved to /home/siri/nanopore_pipeline/results/quast/quast.log

Finished: 2026-04-26 20:59:51
Elapsed time: 0:00:01.546105
NOTICEs: 2; WARNINGs: 1; non-fatal ERRORs: 0

Thank you for using QUAST!
