Building DAG of jobs...
Using shell: /usr/bin/bash
Provided cores: 2
Rules claiming more threads will be scaled down.
Job counts:
	count	jobs
	1	all
	1	filter_blast
	2
Select jobs to execute...

[Mon Apr 27 12:17:57 2026]
rule filter_blast:
    input: results/blast/blast_results.tsv
    output: results/blast/best_hits.tsv
    jobid: 6

[Mon Apr 27 12:17:57 2026]
Finished job 6.
1 of 2 steps (50%) done
Select jobs to execute...

[Mon Apr 27 12:17:57 2026]
localrule all:
    input: results/nanoplot/NanoPlot-report.html, results/miniasm/assembly.fasta, results/racon/polished.fasta, results/quast/report.tsv, results/blast/blast_results.tsv, results/blast/best_hits.tsv
    jobid: 0

[Mon Apr 27 12:17:57 2026]
Finished job 0.
2 of 2 steps (100%) done
Complete log: /home/siri/nanopore_pipeline/.snakemake/log/2026-04-27T121756.363425.snakemake.log
