Building DAG of jobs...
Relative file path './report/figures/readlength_histogram.png' starts with './'. This is redundant and strongly discouraged. It can also lead to inconsistent results of the file-matching approach used by Snakemake. You can simply omit the './' for relative file paths.
Relative file path './report/figures/scatter_plot.png' starts with './'. This is redundant and strongly discouraged. It can also lead to inconsistent results of the file-matching approach used by Snakemake. You can simply omit the './' for relative file paths.
Relative file path './report/report.md' starts with './'. This is redundant and strongly discouraged. It can also lead to inconsistent results of the file-matching approach used by Snakemake. You can simply omit the './' for relative file paths.
Using shell: /usr/bin/bash
Provided cores: 1 (use --cores to define parallelism)
Rules claiming more threads will be scaled down.
Conda environments: ignored
Job counts:
	count	jobs
	1	report
	1
Select jobs to execute...

[Tue Apr 28 19:46:21 2026]
rule report:
    input: ./report/figures/readlength_histogram.png, ./report/figures/scatter_plot.png, dag.png, ./report/report.md
    output: report.html
    jobid: 0

[Tue Apr 28 19:46:21 2026]
Error in rule report:
    jobid: 0
    output: report.html
    shell:
        
        pandoc report.md -o report.html
        
        (one of the commands exited with non-zero exit code; note that snakemake uses bash strict mode!)

Shutting down, this might take some time.
Exiting because a job execution failed. Look above for error message
Complete log: /home/siri/nanopore_pipeline/.snakemake/log/2026-04-28T194620.217725.snakemake.log
