Building DAG of jobs...
Using shell: /usr/bin/bash
Provided cores: 2
Rules claiming more threads will be scaled down.
Job counts:
	count	jobs
	1	all
	1	filter_blast
	2
Select jobs to execute...

[Mon Apr 27 12:12:13 2026]
rule filter_blast:
    input: results/blast/blast_results.tsv
    output: results/blast/best_hits.tsv
    jobid: 6

[Mon Apr 27 12:12:13 2026]
Error in rule filter_blast:
    jobid: 6
    output: results/blast/best_hits.tsv
    shell:
        
        awk '($4/$5)>=0.8 && $6<=1e-5' results/blast/blast_results.tsv         | sort -k1,1 -k6,6g -k7,7nr         | awk '!seen[$1]++' > results/blast/best_hits.tsv
        
        (one of the commands exited with non-zero exit code; note that snakemake uses bash strict mode!)

Removing output files of failed job filter_blast since they might be corrupted:
results/blast/best_hits.tsv
Shutting down, this might take some time.
Exiting because a job execution failed. Look above for error message
Complete log: /home/siri/nanopore_pipeline/.snakemake/log/2026-04-27T121212.373016.snakemake.log
