Building DAG of jobs...
Using shell: /usr/bin/bash
Provided cores: 4
Rules claiming more threads will be scaled down.
Conda environments: ignored
Job counts:
	count	jobs
	1	all
	1	report
	2
Select jobs to execute...

[Mon Apr 27 13:17:33 2026]
rule report:
    input: results/nanoplot/NanoPlot-report.html, results/quast/report.txt, results/prokka/polished.txt, results/racon/polished.fasta
    output: report/report.html
    jobid: 7

[Mon Apr 27 13:17:33 2026]
Finished job 7.
1 of 2 steps (50%) done
Select jobs to execute...

[Mon Apr 27 13:17:33 2026]
localrule all:
    input: results/nanoplot/NanoPlot-report.html, results/racon/polished.fasta, results/quast/report.txt, results/blast/blast_results.tsv, results/prokka/polished.gff, results/prokka/polished.faa, results/prokka/genes_summary.tsv, report/report.html
    jobid: 0

[Mon Apr 27 13:17:33 2026]
Finished job 0.
2 of 2 steps (100%) done
Complete log: /home/siri/nanopore_pipeline/.snakemake/log/2026-04-27T131732.798814.snakemake.log
