Building DAG of jobs...
Using shell: /usr/bin/bash
Provided cores: 2
Rules claiming more threads will be scaled down.
Job counts:
	count	jobs
	1	all
	1	summarize_blast
	2
Select jobs to execute...

[Sun Apr 26 22:00:28 2026]
rule summarize_blast:
    input: results/blast/blast_results.tsv
    output: results/blast/blast_summary.tsv
    jobid: 6

Activating conda environment: /home/siri/nanopore_pipeline/.snakemake/conda/ebf1283d2e76c01c38f93e8fc9d6101a
Activating conda environment: /home/siri/nanopore_pipeline/.snakemake/conda/ebf1283d2e76c01c38f93e8fc9d6101a
[Sun Apr 26 22:00:33 2026]
Finished job 6.
1 of 2 steps (50%) done
Select jobs to execute...

[Sun Apr 26 22:00:33 2026]
localrule all:
    input: results/nanoplot/NanoPlot-report.html, results/miniasm/assembly.fasta, results/racon/polished.fasta, results/quast/report.tsv, results/blast/blast_results.tsv, results/blast/blast_summary.tsv
    jobid: 0

[Sun Apr 26 22:00:33 2026]
Finished job 0.
2 of 2 steps (100%) done
Complete log: /home/siri/nanopore_pipeline/.snakemake/log/2026-04-26T220027.323323.snakemake.log
