Building DAG of jobs...
Using shell: /usr/bin/bash
Provided cores: 4
Rules claiming more threads will be scaled down.
Conda environments: ignored
Job counts:
	count	jobs
	1	all
	1	report
	2
Select jobs to execute...

[Mon Apr 27 13:16:08 2026]
rule report:
    input: results/nanoplot/NanoPlot-report.html, results/quast/report.txt, results/prokka/polished.txt, results/racon/polished.fasta
    output: report/report.html
    jobid: 7

[Mon Apr 27 13:16:08 2026]
Error in rule report:
    jobid: 7
    output: report/report.html
    shell:
        
        pandoc report/report.md -o report/report.html
        
        (one of the commands exited with non-zero exit code; note that snakemake uses bash strict mode!)

Shutting down, this might take some time.
Exiting because a job execution failed. Look above for error message
Complete log: /home/siri/nanopore_pipeline/.snakemake/log/2026-04-27T131607.784195.snakemake.log
