/home/siri/ll/envs/quast_env/bin/quast.py ./results/miniasm/assembly.fasta -o ./results/miniasm_quast

Version: 5.3.0

System information:
  OS: Linux-6.6.87.2-microsoft-standard-WSL2-x86_64-with-glibc2.39 (linux_64)
  Python version: 3.9.23
  CPUs number: 12

Started: 2026-04-26 19:32:44

Logging to /home/siri/nanopore_pipeline/results/miniasm_quast/quast.log
NOTICE: Maximum number of threads is set to 3 (use --threads option to set it manually)

CWD: /home/siri/nanopore_pipeline
Main parameters: 
  MODE: default, threads: 3, min contig length: 500, min alignment length: 65, min alignment IDY: 95.0, \
  ambiguity: one, min local misassembly length: 200, min extensive misassembly length: 1000

Contigs:
  Pre-processing...
  ./results/miniasm/assembly.fasta ==> assembly

2026-04-26 19:32:45
Running Basic statistics processor...
  Contig files: 
    assembly
  Calculating N50 and L50...
    assembly, N50 = 103433, L50 = 1, auN = 103433.0, Total length = 103433, GC % = 48.70, # N's per 100 kbp =  0.00
  Drawing Nx plot...
    saved to /home/siri/nanopore_pipeline/results/miniasm_quast/basic_stats/Nx_plot.pdf
  Drawing cumulative plot...
    saved to /home/siri/nanopore_pipeline/results/miniasm_quast/basic_stats/cumulative_plot.pdf
  Drawing GC content plot...
    saved to /home/siri/nanopore_pipeline/results/miniasm_quast/basic_stats/GC_content_plot.pdf
  Drawing assembly GC content plot...
    saved to /home/siri/nanopore_pipeline/results/miniasm_quast/basic_stats/assembly_GC_content_plot.pdf
Done.

NOTICE: Genes are not predicted by default. Use --gene-finding or --glimmer option to enable it.

2026-04-26 19:32:46
Creating large visual summaries...
This may take a while: press Ctrl-C to skip this step..
  1 of 2: Creating PDF with all tables and plots...
  2 of 2: Creating Icarus viewers...
Done

2026-04-26 19:32:46
RESULTS:
  Text versions of total report are saved to /home/siri/nanopore_pipeline/results/miniasm_quast/report.txt, report.tsv, and report.tex
  Text versions of transposed total report are saved to /home/siri/nanopore_pipeline/results/miniasm_quast/transposed_report.txt, transposed_report.tsv, and transposed_report.tex
  HTML version (interactive tables and plots) is saved to /home/siri/nanopore_pipeline/results/miniasm_quast/report.html
  PDF version (tables and plots) is saved to /home/siri/nanopore_pipeline/results/miniasm_quast/report.pdf
  Icarus (contig browser) is saved to /home/siri/nanopore_pipeline/results/miniasm_quast/icarus.html
  Log is saved to /home/siri/nanopore_pipeline/results/miniasm_quast/quast.log

Finished: 2026-04-26 19:32:46
Elapsed time: 0:00:01.979315
NOTICEs: 2; WARNINGs: 1; non-fatal ERRORs: 0

Thank you for using QUAST!
